TN:
SF:src\config.ts
FNF:0
FNH:0
DA:1,2
DA:2,2
LF:2
LH:2
BRF:0
BRH:0
end_of_record
TN:
SF:src\index.ts
FN:27,(anonymous_1)
FNF:1
FNH:1
FNDA:2,(anonymous_1)
DA:1,2
DA:2,2
DA:3,2
DA:4,2
DA:5,2
DA:7,2
DA:8,2
DA:9,2
DA:10,2
DA:12,2
DA:14,2
DA:16,2
DA:17,2
DA:19,2
DA:20,2
DA:22,2
DA:23,2
DA:24,2
DA:25,2
DA:27,2
DA:28,2
DA:30,2
DA:31,2
DA:32,2
DA:33,0
DA:34,0
DA:36,2
DA:40,0
DA:43,2
LF:29
LH:26
BRDA:17,0,0,2
BRDA:17,0,1,2
BRDA:32,1,0,0
BRDA:32,1,1,2
BRF:4
BRH:3
end_of_record
TN:
SF:src\routes\activities.ts
FN:6,(anonymous_1)
FN:11,(anonymous_2)
FNF:2
FNH:2
FNDA:3,(anonymous_1)
FNDA:267,(anonymous_2)
DA:1,2
DA:2,2
DA:4,2
DA:6,2
DA:7,3
DA:8,3
DA:9,3
DA:11,3
DA:12,267
DA:15,3
DA:17,0
DA:18,0
DA:22,2
LF:13
LH:11
BRDA:8,0,0,3
BRDA:8,0,1,0
BRDA:12,1,0,267
BRDA:12,1,1,178
BRF:4
BRH:3
end_of_record
TN:
SF:src\routes\occupations.ts
FN:7,(anonymous_1)
FN:11,(anonymous_2)
FN:19,(anonymous_3)
FN:26,(anonymous_4)
FN:30,(anonymous_5)
FN:43,(anonymous_6)
FNF:6
FNH:2
FNDA:1,(anonymous_1)
FNDA:3770,(anonymous_2)
FNDA:0,(anonymous_3)
FNDA:0,(anonymous_4)
FNDA:0,(anonymous_5)
FNDA:0,(anonymous_6)
DA:1,2
DA:2,2
DA:3,2
DA:5,2
DA:7,2
DA:8,1
DA:9,1
DA:10,1
DA:11,3770
DA:12,1
DA:14,0
DA:15,0
DA:19,2
DA:20,0
DA:21,0
DA:22,0
DA:24,0
DA:27,0
DA:30,0
DA:36,0
DA:38,0
DA:39,0
DA:43,2
DA:44,0
DA:45,0
DA:47,0
DA:48,0
DA:49,0
DA:52,0
DA:55,2
LF:30
LH:13
BRDA:21,0,0,0
BRDA:21,0,1,0
BRDA:27,1,0,0
BRDA:27,1,1,0
BRDA:47,2,0,0
BRF:5
BRH:0
end_of_record
TN:
SF:src\routes\salary.ts
FN:10,(anonymous_1)
FNF:1
FNH:0
FNDA:0,(anonymous_1)
DA:1,2
DA:3,2
DA:4,2
DA:5,2
DA:6,2
DA:8,2
DA:10,2
DA:11,0
DA:13,0
DA:15,0
DA:16,0
DA:17,0
DA:18,0
DA:19,0
DA:20,0
DA:22,0
DA:25,0
DA:26,0
DA:29,0
DA:30,0
DA:31,0
DA:34,0
DA:35,0
DA:38,2
LF:24
LH:8
BRDA:15,0,0,0
BRDA:18,1,0,0
BRDA:22,2,0,0
BRDA:22,2,1,0
BRDA:25,3,0,0
BRDA:25,4,0,0
BRDA:25,4,1,0
BRDA:29,5,0,0
BRF:8
BRH:0
end_of_record
TN:
SF:src\routes\summary.ts
FN:6,(anonymous_1)
FNF:1
FNH:0
FNDA:0,(anonymous_1)
DA:1,2
DA:2,2
DA:4,2
DA:6,2
DA:7,0
DA:8,0
DA:9,0
DA:10,0
DA:12,0
DA:13,0
DA:17,2
LF:11
LH:5
BRF:0
BRH:0
end_of_record
TN:
SF:src\services\activitiesService.ts
FN:9,getActivityOptions
FN:17,(anonymous_2)
FN:25,(anonymous_3)
FN:31,fetchSalaryDataByGroupCode
FN:64,(anonymous_5)
FNF:5
FNH:3
FNDA:3,getActivityOptions
FNDA:6,(anonymous_2)
FNDA:267,(anonymous_3)
FNDA:0,fetchSalaryDataByGroupCode
FNDA:0,(anonymous_5)
DA:1,2
DA:2,2
DA:9,2
DA:10,3
DA:13,3
DA:17,6
DA:18,3
DA:19,0
DA:22,3
DA:23,3
DA:25,267
DA:31,2
DA:34,0
DA:56,0
DA:60,0
DA:61,0
DA:63,0
DA:65,0
DA:66,0
LF:19
LH:11
BRDA:18,0,0,0
BRDA:66,1,0,0
BRDA:66,1,1,0
BRF:3
BRH:0
end_of_record
TN:
SF:src\services\openaiService.ts
FN:3,generateSummary
FN:30,(anonymous_2)
FNF:2
FNH:0
FNDA:0,generateSummary
FNDA:0,(anonymous_2)
DA:1,2
DA:3,2
DA:4,0
DA:8,0
DA:14,0
DA:25,0
DA:27,0
DA:30,0
DA:33,0
LF:9
LH:2
BRDA:25,0,0,0
BRDA:25,0,1,0
BRF:2
BRH:0
end_of_record
TN:
SF:src\utils\asyncHandler.ts
FN:3,(anonymous_0)
FN:6,(anonymous_1)
FNF:2
FNH:1
FNDA:2,(anonymous_0)
FNDA:0,(anonymous_1)
DA:3,2
DA:6,2
DA:7,0
LF:3
LH:2
BRF:0
BRH:0
end_of_record
TN:
SF:src\utils\iscoLoader.ts
FN:5,(anonymous_1)
FN:13,(anonymous_2)
FN:17,(anonymous_3)
FN:31,loadIscoData
FN:44,(anonymous_5)
FN:46,(anonymous_6)
FN:59,(anonymous_7)
FN:61,(anonymous_8)
FN:73,getAllIscoItems
FN:80,findIscoItemByCode
FN:84,(anonymous_11)
FN:87,findGroupCodeFor
FNF:12
FNH:7
FNDA:3770,(anonymous_1)
FNDA:0,(anonymous_2)
FNDA:0,(anonymous_3)
FNDA:1,loadIscoData
FNDA:3770,(anonymous_5)
FNDA:3770,(anonymous_6)
FNDA:6730916,(anonymous_7)
FNDA:5831810,(anonymous_8)
FNDA:1,getAllIscoItems
FNDA:0,findIscoItemByCode
FNDA:0,(anonymous_11)
FNDA:0,findGroupCodeFor
DA:1,2
DA:2,2
DA:4,2
DA:6,3770
DA:7,3770
DA:8,3770
DA:9,3770
DA:10,3770
DA:14,0
DA:18,0
DA:29,2
DA:31,2
DA:32,1
DA:34,1
DA:35,1
DA:36,1
DA:38,1
DA:39,1
DA:40,0
DA:43,1
DA:44,3770
DA:47,3770
DA:56,1
DA:57,3770
DA:59,6730916
DA:60,3587
DA:61,5831810
DA:64,3587
DA:65,3587
DA:69,1
DA:70,1
DA:73,2
DA:74,1
DA:75,0
DA:77,1
DA:80,2
DA:81,0
DA:82,0
DA:84,0
DA:87,2
DA:88,0
DA:89,0
DA:92,0
DA:94,0
DA:95,0
DA:96,0
DA:98,0
DA:99,0
DA:102,0
LF:49
LH:33
BRDA:18,0,0,0
BRDA:18,0,1,0
BRDA:32,1,0,0
BRDA:39,2,0,0
BRDA:49,3,0,3770
BRDA:49,3,1,0
BRDA:51,4,0,3770
BRDA:51,4,1,0
BRDA:57,5,0,183
BRDA:60,6,0,6738
BRDA:60,6,1,6738
BRDA:64,7,0,3587
BRDA:74,8,0,0
BRDA:81,9,0,0
BRDA:87,10,0,0
BRDA:88,11,0,0
BRDA:95,12,0,0
BRDA:98,13,0,0
BRF:18
BRH:6
end_of_record
TN:
SF:src\utils\occupationDownloader.ts
FN:6,downloadOccupations
FNF:1
FNH:0
FNDA:0,downloadOccupations
DA:1,2
DA:2,2
DA:3,2
DA:4,2
DA:6,2
DA:7,0
DA:8,0
DA:9,0
DA:10,0
LF:9
LH:5
BRF:0
BRH:0
end_of_record
TN:
SF:src\utils\occupationToActivityMapper.ts
FN:77,mapOccupationToActivity
FN:96,hasMappedActivity
FNF:2
FNH:0
FNDA:0,mapOccupationToActivity
FNDA:0,hasMappedActivity
DA:10,2
DA:65,2
DA:77,2
DA:79,0
DA:80,0
DA:84,0
DA:85,0
DA:86,0
DA:87,0
DA:92,0
DA:93,0
DA:96,2
DA:97,0
LF:13
LH:4
BRDA:79,0,0,0
BRDA:86,1,0,0
BRF:2
BRH:0
end_of_record
